;;; 
Export: Release 21.0.0.0.0 - Production on Thu Oct 16 10:50:35 2025
Version 21.3.0.0.0

Copyright (c) 1982, 2021, Oracle and/or its affiliates.  All rights reserved.
;;; 
Connected to: Oracle Database 21c Express Edition Release 21.0.0.0.0 - Production
Starting "SYSTEM"."SYS_EXPORT_SCHEMA_01":  system/********@XEPDB1 schemas=CLINICAL_LABORATORY_ORACLE directory=BACKUP_DIR dumpfile=CLINICAL_LABORATORY_ORACLE_2025-10-16_1050.dmp logfile=CLINICAL_LABORATORY_ORACLE_export_2025-10-16_1050.log 
Processing object type SCHEMA_EXPORT/TABLE/TABLE_DATA
Processing object type SCHEMA_EXPORT/PACKAGE/PACKAGE_BODY
Processing object type SCHEMA_EXPORT/TABLE/INDEX/STATISTICS/INDEX_STATISTICS
Processing object type SCHEMA_EXPORT/TABLE/STATISTICS/TABLE_STATISTICS
Processing object type SCHEMA_EXPORT/STATISTICS/MARKER
Processing object type SCHEMA_EXPORT/USER
Processing object type SCHEMA_EXPORT/ROLE_GRANT
Processing object type SCHEMA_EXPORT/DEFAULT_ROLE
Processing object type SCHEMA_EXPORT/TABLESPACE_QUOTA
Processing object type SCHEMA_EXPORT/PRE_SCHEMA/PROCACT_SCHEMA
Processing object type SCHEMA_EXPORT/TABLE/TABLE
Processing object type SCHEMA_EXPORT/TABLE/IDENTITY_COLUMN
Processing object type SCHEMA_EXPORT/PACKAGE/PACKAGE_SPEC
Processing object type SCHEMA_EXPORT/PROCEDURE/PROCEDURE
Processing object type SCHEMA_EXPORT/PACKAGE/COMPILE_PACKAGE/PACKAGE_SPEC/ALTER_PACKAGE_SPEC
Processing object type SCHEMA_EXPORT/PROCEDURE/ALTER_PROCEDURE
Processing object type SCHEMA_EXPORT/TABLE/CONSTRAINT/CONSTRAINT
Processing object type SCHEMA_EXPORT/TABLE/CONSTRAINT/REF_CONSTRAINT
Processing object type SCHEMA_EXPORT/TABLE/TRIGGER
. . exported "CLINICAL_LABORATORY_ORACLE"."TESTS"        21.04 KB     100 rows
. . exported "CLINICAL_LABORATORY_ORACLE"."PANELS"          19 KB     100 rows
. . exported "CLINICAL_LABORATORY_ORACLE"."PATIENTS"     20.60 KB     100 rows
. . exported "CLINICAL_LABORATORY_ORACLE"."SAMPLES"      15.21 KB     100 rows
. . exported "CLINICAL_LABORATORY_ORACLE"."LAB_ORDERS"   14.78 KB     100 rows
. . exported "CLINICAL_LABORATORY_ORACLE"."DOCTORS"      15.13 KB     100 rows
. . exported "CLINICAL_LABORATORY_ORACLE"."INSURERS"     13.27 KB     100 rows
. . exported "CLINICAL_LABORATORY_ORACLE"."INSURERS_PATIENTS"  11.60 KB     100 rows
. . exported "CLINICAL_LABORATORY_ORACLE"."PARAMETERS"   11.44 KB     100 rows
. . exported "CLINICAL_LABORATORY_ORACLE"."PAYMENTS"     11.07 KB     100 rows
. . exported "CLINICAL_LABORATORY_ORACLE"."RESULTS"      10.29 KB     100 rows
. . exported "CLINICAL_LABORATORY_ORACLE"."LAB_ORDERS_TESTS"  6.484 KB     100 rows
. . exported "CLINICAL_LABORATORY_ORACLE"."PANELS_TESTS"  6.476 KB     100 rows
. . exported "CLINICAL_LABORATORY_ORACLE"."DOCTORS_AUDIT"  8.406 KB       2 rows
. . exported "CLINICAL_LABORATORY_ORACLE"."LAB_ORDERS_AUDIT"      0 KB       0 rows
. . exported "CLINICAL_LABORATORY_ORACLE"."PATIENTS_AUDIT"      0 KB       0 rows
. . exported "CLINICAL_LABORATORY_ORACLE"."PAYMENTS_AUDIT"      0 KB       0 rows
. . exported "CLINICAL_LABORATORY_ORACLE"."RESULTS_AUDIT"      0 KB       0 rows
. . exported "CLINICAL_LABORATORY_ORACLE"."SAMPLES_AUDIT"      0 KB       0 rows
Master table "SYSTEM"."SYS_EXPORT_SCHEMA_01" successfully loaded/unloaded
******************************************************************************
Dump file set for SYSTEM.SYS_EXPORT_SCHEMA_01 is:
  /opt/oracle/backups/CLINICAL_LABORATORY_ORACLE_2025-10-16_1050.dmp
Job "SYSTEM"."SYS_EXPORT_SCHEMA_01" successfully completed at Thu Oct 16 10:52:10 2025 elapsed 0 00:00:33
